<?xml version="1.0" encoding="UTF-8"?>
<testsuite name="queue.QueueWith2StacksTest" tests="1" skipped="0" failures="0" errors="0" timestamp="2016-05-09T21:08:06" hostname="Ilyas-MacBook-Pro.local" time="0.012">
  <properties/>
  <testcase name="testEnqueue" classname="queue.QueueWith2StacksTest" time="0.012"/>
  <system-out><![CDATA[]]></system-out>
  <system-err><![CDATA[]]></system-err>
</testsuite>
