<?xml version="1.0" encoding="UTF-8"?>
<testsuite name="com.ilyarudyak.java.interview.StackWithMinTest" tests="1" skipped="0" failures="0" errors="0" timestamp="2016-05-09T12:01:08" hostname="Ilyas-MacBook-Pro.local" time="0.002">
  <properties/>
  <testcase name="testMin" classname="com.ilyarudyak.java.interview.StackWithMinTest" time="0.002"/>
  <system-out><![CDATA[]]></system-out>
  <system-err><![CDATA[]]></system-err>
</testsuite>
